<?xml version="1.0" encoding="UTF-8"?>
<!-- Generated by org.testng.reporters.JUnitReportReporter -->
<testsuite hostname="VAIO" failures="0" tests="1" name="TestCases.OrdersPageTest" time="55.354" errors="0" timestamp="2022-08-12T18:24:58 IST" skipped="0">
  <testcase classname="TestCases.OrdersPageTest" name="verifyOrdersLinkOperationsTest" time="55.354"/>
</testsuite> <!-- TestCases.OrdersPageTest -->
